# JRE version: OpenJDK Runtime Environment (8.0_202-b03) (build 1.8.0_202-release-1483-b03)
# Java VM: OpenJDK 64-Bit Server VM (25.202-b03 mixed mode windows-amd64 compressed oops)
Heap:
 PSYoungGen      total 431104K, used 266124K [0x00000000e0000000, 0x00000000ff800000, 0x0000000100000000)
  eden space 350720K, 70% used [0x00000000e0000000,0x00000000ef00f178,0x00000000f5680000)
  from space 80384K, 25% used [0x00000000f5680000,0x00000000f6a54200,0x00000000fa500000)
  to   space 75264K, 0% used [0x00000000fae80000,0x00000000fae80000,0x00000000ff800000)
 ParOldGen       total 397824K, used 280374K [0x00000000a0000000, 0x00000000b8480000, 0x00000000e0000000)
  object space 397824K, 70% used [0x00000000a0000000,0x00000000b11cd938,0x00000000b8480000)
 Metaspace       used 257987K, capacity 271760K, committed 275312K, reserved 1290240K
  class space    used 31975K, capacity 34508K, committed 35240K, reserved 1048576K
GC Heap History (10 events):
Event: 4064.073 GC heap before
{Heap before GC invocations=77 (full 6):
 PSYoungGen      total 419328K, used 324000K [0x00000000e0000000, 0x00000000ff900000, 0x0000000100000000)
  eden space 320512K, 100% used [0x00000000e0000000,0x00000000f3900000,0x00000000f3900000)
  from space 98816K, 3% used [0x00000000f9880000,0x00000000f9be8000,0x00000000ff900000)
  to   space 97792K, 0% used [0x00000000f3900000,0x00000000f3900000,0x00000000f9880000)
 ParOldGen       total 397824K, used 235982K [0x00000000a0000000, 0x00000000b8480000, 0x00000000e0000000)
  object space 397824K, 59% used [0x00000000a0000000,0x00000000ae673b08,0x00000000b8480000)
 Metaspace       used 256872K, capacity 270396K, committed 274408K, reserved 1288192K
  class space    used 31817K, capacity 34250K, committed 35240K, reserved 1048576K
Event: 4064.119 GC heap after
Heap after GC invocations=77 (full 6):
 PSYoungGen      total 418304K, used 3344K [0x00000000e0000000, 0x00000000ffa00000, 0x0000000100000000)
  eden space 320512K, 0% used [0x00000000e0000000,0x00000000e0000000,0x00000000f3900000)
  from space 97792K, 3% used [0x00000000f3900000,0x00000000f3c44040,0x00000000f9880000)
  to   space 95232K, 0% used [0x00000000f9d00000,0x00000000f9d00000,0x00000000ffa00000)
 ParOldGen       total 397824K, used 238874K [0x00000000a0000000, 0x00000000b8480000, 0x00000000e0000000)
  object space 397824K, 60% used [0x00000000a0000000,0x00000000ae946b20,0x00000000b8480000)
 Metaspace       used 256872K, capacity 270396K, committed 274408K, reserved 1288192K
  class space    used 31817K, capacity 34250K, committed 35240K, reserved 1048576K
}
Event: 4068.248 GC heap before
{Heap before GC invocations=78 (full 6):
 PSYoungGen      total 418304K, used 323856K [0x00000000e0000000, 0x00000000ffa00000, 0x0000000100000000)
  eden space 320512K, 100% used [0x00000000e0000000,0x00000000f3900000,0x00000000f3900000)
  from space 97792K, 3% used [0x00000000f3900000,0x00000000f3c44040,0x00000000f9880000)
  to   space 95232K, 0% used [0x00000000f9d00000,0x00000000f9d00000,0x00000000ffa00000)
 ParOldGen       total 397824K, used 238874K [0x00000000a0000000, 0x00000000b8480000, 0x00000000e0000000)
  object space 397824K, 60% used [0x00000000a0000000,0x00000000ae946b20,0x00000000b8480000)
 Metaspace       used 257917K, capacity 271682K, committed 275312K, reserved 1290240K
  class space    used 31974K, capacity 34507K, committed 35240K, reserved 1048576K
Event: 4068.300 GC heap after
Heap after GC invocations=78 (full 6):
 PSYoungGen      total 417792K, used 24427K [0x00000000e0000000, 0x00000000ff180000, 0x0000000100000000)
  eden space 331264K, 0% used [0x00000000e0000000,0x00000000e0000000,0x00000000f4380000)
  from space 86528K, 28% used [0x00000000f9d00000,0x00000000fb4daec8,0x00000000ff180000)
  to   space 89088K, 0% used [0x00000000f4380000,0x00000000f4380000,0x00000000f9a80000)
 ParOldGen       total 397824K, used 241906K [0x00000000a0000000, 0x00000000b8480000, 0x00000000e0000000)
  object space 397824K, 60% used [0x00000000a0000000,0x00000000aec3c830,0x00000000b8480000)
 Metaspace       used 257917K, capacity 271682K, committed 275312K, reserved 1290240K
  class space    used 31974K, capacity 34507K, committed 35240K, reserved 1048576K
}
Event: 4068.911 GC heap before
{Heap before GC invocations=79 (full 6):
 PSYoungGen      total 417792K, used 355691K [0x00000000e0000000, 0x00000000ff180000, 0x0000000100000000)
  eden space 331264K, 100% used [0x00000000e0000000,0x00000000f4380000,0x00000000f4380000)
  from space 86528K, 28% used [0x00000000f9d00000,0x00000000fb4daec8,0x00000000ff180000)
  to   space 89088K, 0% used [0x00000000f4380000,0x00000000f4380000,0x00000000f9a80000)
 ParOldGen       total 397824K, used 241906K [0x00000000a0000000, 0x00000000b8480000, 0x00000000e0000000)
  object space 397824K, 60% used [0x00000000a0000000,0x00000000aec3c830,0x00000000b8480000)
 Metaspace       used 257938K, capacity 271754K, committed 275312K, reserved 1290240K
  class space    used 31974K, capacity 34507K, committed 35240K, reserved 1048576K
Event: 4068.937 GC heap after
Heap after GC invocations=79 (full 6):
 PSYoungGen      total 420352K, used 15976K [0x00000000e0000000, 0x00000000ff980000, 0x0000000100000000)
  eden space 331264K, 0% used [0x00000000e0000000,0x00000000e0000000,0x00000000f4380000)
  from space 89088K, 17% used [0x00000000f4380000,0x00000000f531a1b0,0x00000000f9a80000)
  to   space 84480K, 0% used [0x00000000fa700000,0x00000000fa700000,0x00000000ff980000)
 ParOldGen       total 397824K, used 255359K [0x00000000a0000000, 0x00000000b8480000, 0x00000000e0000000)
  object space 397824K, 64% used [0x00000000a0000000,0x00000000af95ffe8,0x00000000b8480000)
 Metaspace       used 257938K, capacity 271754K, committed 275312K, reserved 1290240K
  class space    used 31974K, capacity 34507K, committed 35240K, reserved 1048576K
}
Event: 4069.382 GC heap before
{Heap before GC invocations=80 (full 6):
 PSYoungGen      total 420352K, used 347240K [0x00000000e0000000, 0x00000000ff980000, 0x0000000100000000)
  eden space 331264K, 100% used [0x00000000e0000000,0x00000000f4380000,0x00000000f4380000)
  from space 89088K, 17% used [0x00000000f4380000,0x00000000f531a1b0,0x00000000f9a80000)
  to   space 84480K, 0% used [0x00000000fa700000,0x00000000fa700000,0x00000000ff980000)
 ParOldGen       total 397824K, used 256656K [0x00000000a0000000, 0x00000000b8480000, 0x00000000e0000000)
  object space 397824K, 64% used [0x00000000a0000000,0x00000000afaa4288,0x00000000b8480000)
 Metaspace       used 257960K, capacity 271760K, committed 275312K, reserved 1290240K
  class space    used 31974K, capacity 34508K, committed 35240K, reserved 1048576K
Event: 4069.417 GC heap after
Heap after GC invocations=80 (full 6):
 PSYoungGen      total 429056K, used 15412K [0x00000000e0000000, 0x00000000ff380000, 0x0000000100000000)
  eden space 350720K, 0% used [0x00000000e0000000,0x00000000e0000000,0x00000000f5680000)
  from space 78336K, 19% used [0x00000000fa700000,0x00000000fb60d018,0x00000000ff380000)
  to   space 80384K, 0% used [0x00000000f5680000,0x00000000f5680000,0x00000000fa500000)
 ParOldGen       total 397824K, used 268371K [0x00000000a0000000, 0x00000000b8480000, 0x00000000e0000000)
  object space 397824K, 67% used [0x00000000a0000000,0x00000000b0614e18,0x00000000b8480000)
 Metaspace       used 257960K, capacity 271760K, committed 275312K, reserved 1290240K
  class space    used 31974K, capacity 34508K, committed 35240K, reserved 1048576K
}
Event: 4069.840 GC heap before
{Heap before GC invocations=81 (full 6):
 PSYoungGen      total 429056K, used 366132K [0x00000000e0000000, 0x00000000ff380000, 0x0000000100000000)
  eden space 350720K, 100% used [0x00000000e0000000,0x00000000f5680000,0x00000000f5680000)
  from space 78336K, 19% used [0x00000000fa700000,0x00000000fb60d018,0x00000000ff380000)
  to   space 80384K, 0% used [0x00000000f5680000,0x00000000f5680000,0x00000000fa500000)
 ParOldGen       total 397824K, used 269620K [0x00000000a0000000, 0x00000000b8480000, 0x00000000e0000000)
  object space 397824K, 67% used [0x00000000a0000000,0x00000000b074d080,0x00000000b8480000)
 Metaspace       used 257975K, capacity 271760K, committed 275312K, reserved 1290240K
  class space    used 31975K, capacity 34508K, committed 35240K, reserved 1048576K
Event: 4069.877 GC heap after
Heap after GC invocations=81 (full 6):
 PSYoungGen      total 431104K, used 20304K [0x00000000e0000000, 0x00000000ff800000, 0x0000000100000000)
  eden space 350720K, 0% used [0x00000000e0000000,0x00000000e0000000,0x00000000f5680000)
  from space 80384K, 25% used [0x00000000f5680000,0x00000000f6a54200,0x00000000fa500000)
  to   space 75264K, 0% used [0x00000000fae80000,0x00000000fae80000,0x00000000ff800000)
 ParOldGen       total 397824K, used 280374K [0x00000000a0000000, 0x00000000b8480000, 0x00000000e0000000)
  object space 397824K, 70% used [0x00000000a0000000,0x00000000b11cd938,0x00000000b8480000)
 Metaspace       used 257975K, capacity 271760K, committed 275312K, reserved 1290240K
  class space    used 31975K, capacity 34508K, committed 35240K, reserved 1048576K
}

